{"/home/claude/Projects/ai-portal/.claude/worktrees/recommission/src/api/gpuApi.ts": {"path":"/home/claude/Projects/ai-portal/.claude/worktrees/recommission/src/api/gpuApi.ts","statementMap":{"0":{"start":{"line":3,"column":36},"end":{"line":24,"column":null}},"1":{"start":{"line":5,"column":26},"end":{"line":5,"column":null}},"2":{"start":{"line":6,"column":2},"end":{"line":12,"column":null}},"3":{"start":{"line":7,"column":4},"end":{"line":11,"column":null}},"4":{"start":{"line":8,"column":6},"end":{"line":8,"column":null}},"5":{"start":{"line":10,"column":6},"end":{"line":10,"column":null}},"6":{"start":{"line":15,"column":17},"end":{"line":15,"column":null}},"7":{"start":{"line":16,"column":2},"end":{"line":16,"column":null}},"8":{"start":{"line":16,"column":14},"end":{"line":16,"column":null}},"9":{"start":{"line":19,"column":14},"end":{"line":19,"column":null}},"10":{"start":{"line":20,"column":2},"end":{"line":20,"column":null}},"11":{"start":{"line":20,"column":11},"end":{"line":20,"column":null}},"12":{"start":{"line":23,"column":2},"end":{"line":23,"column":null}},"13":{"start":{"line":41,"column":2},"end":{"line":48,"column":null}},"14":{"start":{"line":42,"column":16},"end":{"line":42,"column":null}},"15":{"start":{"line":43,"column":4},"end":{"line":43,"column":null}},"16":{"start":{"line":43,"column":17},"end":{"line":43,"column":null}},"17":{"start":{"line":44,"column":40},"end":{"line":44,"column":null}},"18":{"start":{"line":45,"column":4},"end":{"line":45,"column":null}},"19":{"start":{"line":47,"column":4},"end":{"line":47,"column":null}},"20":{"start":{"line":56,"column":16},"end":{"line":56,"column":null}},"21":{"start":{"line":58,"column":2},"end":{"line":61,"column":null}},"22":{"start":{"line":60,"column":4},"end":{"line":60,"column":null}},"23":{"start":{"line":64,"column":37},"end":{"line":84,"column":null}},"24":{"start":{"line":67,"column":20},"end":{"line":67,"column":null}},"25":{"start":{"line":68,"column":20},"end":{"line":68,"column":null}},"26":{"start":{"line":69,"column":8},"end":{"line":69,"column":null}},"27":{"start":{"line":69,"column":21},"end":{"line":69,"column":null}},"28":{"start":{"line":72,"column":24},"end":{"line":72,"column":null}},"29":{"start":{"line":74,"column":25},"end":{"line":74,"column":null}},"30":{"start":{"line":76,"column":8},"end":{"line":80,"column":null}},"31":{"start":{"line":77,"column":10},"end":{"line":77,"column":null}},"32":{"start":{"line":79,"column":10},"end":{"line":79,"column":null}},"33":{"start":{"line":86,"column":32},"end":{"line":86,"column":null}},"34":{"start":{"line":87,"column":33},"end":{"line":87,"column":null}},"35":{"start":{"line":89,"column":2},"end":{"line":137,"column":null}},"36":{"start":{"line":90,"column":4},"end":{"line":135,"column":null}},"37":{"start":{"line":91,"column":29},"end":{"line":91,"column":null}},"38":{"start":{"line":94,"column":26},"end":{"line":94,"column":null}},"39":{"start":{"line":97,"column":32},"end":{"line":99,"column":null}},"40":{"start":{"line":98,"column":8},"end":{"line":98,"column":null}},"41":{"start":{"line":101,"column":8},"end":{"line":103,"column":null}},"42":{"start":{"line":107,"column":6},"end":{"line":117,"column":null}},"43":{"start":{"line":108,"column":8},"end":{"line":108,"column":null}},"44":{"start":{"line":109,"column":6},"end":{"line":117,"column":null}},"45":{"start":{"line":111,"column":19},"end":{"line":111,"column":null}},"46":{"start":{"line":112,"column":8},"end":{"line":116,"column":null}},"47":{"start":{"line":119,"column":6},"end":{"line":123,"column":null}},"48":{"start":{"line":125,"column":6},"end":{"line":134,"column":null}},"49":{"start":{"line":127,"column":25},"end":{"line":132,"column":null}},"50":{"start":{"line":127,"column":52},"end":{"line":132,"column":10}},"51":{"start":{"line":133,"column":8},"end":{"line":133,"column":null}},"52":{"start":{"line":139,"column":2},"end":{"line":144,"column":null}},"53":{"start":{"line":154,"column":2},"end":{"line":156,"column":null}},"54":{"start":{"line":155,"column":4},"end":{"line":155,"column":null}},"55":{"start":{"line":158,"column":16},"end":{"line":158,"column":null}},"56":{"start":{"line":159,"column":2},"end":{"line":161,"column":null}},"57":{"start":{"line":160,"column":4},"end":{"line":160,"column":null}},"58":{"start":{"line":163,"column":16},"end":{"line":163,"column":null}},"59":{"start":{"line":165,"column":2},"end":{"line":167,"column":null}},"60":{"start":{"line":166,"column":4},"end":{"line":166,"column":null}},"61":{"start":{"line":169,"column":14},"end":{"line":169,"column":null}},"62":{"start":{"line":169,"column":42},"end":{"line":169,"column":59}},"63":{"start":{"line":170,"column":2},"end":{"line":173,"column":null}},"64":{"start":{"line":172,"column":4},"end":{"line":172,"column":null}},"65":{"start":{"line":175,"column":2},"end":{"line":175,"column":null}}},"fnMap":{"0":{"name":"(anonymous_0)","decl":{"start":{"line":3,"column":36},"end":{"line":3,"column":null}},"loc":{"start":{"line":3,"column":36},"end":{"line":24,"column":null}},"line":3},"1":{"name":"fetchServiceStatus","decl":{"start":{"line":40,"column":15},"end":{"line":40,"column":62}},"loc":{"start":{"line":40,"column":62},"end":{"line":49,"column":null}},"line":40},"2":{"name":"fetchGPUStats","decl":{"start":{"line":55,"column":22},"end":{"line":55,"column":57}},"loc":{"start":{"line":55,"column":57},"end":{"line":145,"column":null}},"line":55},"3":{"name":"(anonymous_3)","decl":{"start":{"line":66,"column":16},"end":{"line":66,"column":23}},"loc":{"start":{"line":66,"column":32},"end":{"line":81,"column":7}},"line":66},"4":{"name":"(anonymous_4)","decl":{"start":{"line":89,"column":25},"end":{"line":89,"column":35}},"loc":{"start":{"line":89,"column":35},"end":{"line":137,"column":3}},"line":89},"5":{"name":"(anonymous_5)","decl":{"start":{"line":97,"column":48},"end":{"line":97,"column":null}},"loc":{"start":{"line":98,"column":8},"end":{"line":98,"column":null}},"line":98},"6":{"name":"(anonymous_6)","decl":{"start":{"line":127,"column":39},"end":{"line":127,"column":40}},"loc":{"start":{"line":127,"column":52},"end":{"line":132,"column":10}},"line":127},"7":{"name":"fetchGPUMetrics","decl":{"start":{"line":150,"column":22},"end":{"line":150,"column":38}},"loc":{"start":{"line":150,"column":81},"end":{"line":176,"column":null}},"line":150},"8":{"name":"(anonymous_8)","decl":{"start":{"line":169,"column":30},"end":{"line":169,"column":31}},"loc":{"start":{"line":169,"column":42},"end":{"line":169,"column":59}},"line":169}},"branchMap":{"0":{"loc":{"start":{"line":6,"column":2},"end":{"line":12,"column":null}},"type":"if","locations":[{"start":{"line":6,"column":2},"end":{"line":12,"column":null}},{"start":{},"end":{}}],"line":6},"1":{"loc":{"start":{"line":16,"column":2},"end":{"line":16,"column":null}},"type":"if","locations":[{"start":{"line":16,"column":2},"end":{"line":16,"column":null}},{"start":{},"end":{}}],"line":16},"2":{"loc":{"start":{"line":20,"column":2},"end":{"line":20,"column":null}},"type":"if","locations":[{"start":{"line":20,"column":2},"end":{"line":20,"column":null}},{"start":{},"end":{}}],"line":20},"3":{"loc":{"start":{"line":43,"column":4},"end":{"line":43,"column":null}},"type":"if","locations":[{"start":{"line":43,"column":4},"end":{"line":43,"column":null}},{"start":{},"end":{}}],"line":43},"4":{"loc":{"start":{"line":45,"column":11},"end":{"line":45,"column":null}},"type":"binary-expr","locations":[{"start":{"line":45,"column":11},"end":{"line":45,"column":28}},{"start":{"line":45,"column":28},"end":{"line":45,"column":null}}],"line":45},"5":{"loc":{"start":{"line":58,"column":2},"end":{"line":61,"column":null}},"type":"if","locations":[{"start":{"line":58,"column":2},"end":{"line":61,"column":null}},{"start":{},"end":{}}],"line":58},"6":{"loc":{"start":{"line":69,"column":8},"end":{"line":69,"column":null}},"type":"if","locations":[{"start":{"line":69,"column":8},"end":{"line":69,"column":null}},{"start":{},"end":{}}],"line":69},"7":{"loc":{"start":{"line":90,"column":4},"end":{"line":135,"column":null}},"type":"if","locations":[{"start":{"line":90,"column":4},"end":{"line":135,"column":null}},{"start":{},"end":{}}],"line":90},"8":{"loc":{"start":{"line":94,"column":26},"end":{"line":94,"column":null}},"type":"binary-expr","locations":[{"start":{"line":94,"column":26},"end":{"line":94,"column":45}},{"start":{"line":94,"column":45},"end":{"line":94,"column":75}},{"start":{"line":94,"column":75},"end":{"line":94,"column":null}}],"line":94},"9":{"loc":{"start":{"line":98,"column":8},"end":{"line":98,"column":null}},"type":"cond-expr","locations":[{"start":{"line":98,"column":22},"end":{"line":98,"column":35}},{"start":{"line":98,"column":35},"end":{"line":98,"column":null}}],"line":98},"10":{"loc":{"start":{"line":101,"column":8},"end":{"line":103,"column":null}},"type":"binary-expr","locations":[{"start":{"line":101,"column":8},"end":{"line":101,"column":null}},{"start":{"line":102,"column":8},"end":{"line":102,"column":null}},{"start":{"line":103,"column":8},"end":{"line":103,"column":null}}],"line":101},"11":{"loc":{"start":{"line":107,"column":6},"end":{"line":117,"column":null}},"type":"if","locations":[{"start":{"line":107,"column":6},"end":{"line":117,"column":null}},{"start":{"line":109,"column":6},"end":{"line":117,"column":null}}],"line":107},"12":{"loc":{"start":{"line":109,"column":6},"end":{"line":117,"column":null}},"type":"if","locations":[{"start":{"line":109,"column":6},"end":{"line":117,"column":null}},{"start":{},"end":{}}],"line":109},"13":{"loc":{"start":{"line":114,"column":17},"end":{"line":114,"column":null}},"type":"binary-expr","locations":[{"start":{"line":114,"column":17},"end":{"line":114,"column":29}},{"start":{"line":114,"column":29},"end":{"line":114,"column":45}},{"start":{"line":114,"column":45},"end":{"line":114,"column":null}}],"line":114},"14":{"loc":{"start":{"line":115,"column":22},"end":{"line":115,"column":null}},"type":"binary-expr","locations":[{"start":{"line":115,"column":22},"end":{"line":115,"column":39}},{"start":{"line":115,"column":39},"end":{"line":115,"column":55}},{"start":{"line":115,"column":55},"end":{"line":115,"column":null}}],"line":115},"15":{"loc":{"start":{"line":121,"column":22},"end":{"line":121,"column":null}},"type":"binary-expr","locations":[{"start":{"line":121,"column":22},"end":{"line":121,"column":35}},{"start":{"line":121,"column":35},"end":{"line":121,"column":null}}],"line":121},"16":{"loc":{"start":{"line":125,"column":6},"end":{"line":134,"column":null}},"type":"if","locations":[{"start":{"line":125,"column":6},"end":{"line":134,"column":null}},{"start":{},"end":{}}],"line":125},"17":{"loc":{"start":{"line":125,"column":10},"end":{"line":125,"column":49}},"type":"binary-expr","locations":[{"start":{"line":125,"column":10},"end":{"line":125,"column":23}},{"start":{"line":125,"column":23},"end":{"line":125,"column":49}}],"line":125},"18":{"loc":{"start":{"line":154,"column":2},"end":{"line":156,"column":null}},"type":"if","locations":[{"start":{"line":154,"column":2},"end":{"line":156,"column":null}},{"start":{},"end":{}}],"line":154},"19":{"loc":{"start":{"line":154,"column":6},"end":{"line":154,"column":40}},"type":"binary-expr","locations":[{"start":{"line":154,"column":6},"end":{"line":154,"column":16}},{"start":{"line":154,"column":16},"end":{"line":154,"column":40}}],"line":154},"20":{"loc":{"start":{"line":159,"column":2},"end":{"line":161,"column":null}},"type":"if","locations":[{"start":{"line":159,"column":2},"end":{"line":161,"column":null}},{"start":{},"end":{}}],"line":159},"21":{"loc":{"start":{"line":165,"column":2},"end":{"line":167,"column":null}},"type":"if","locations":[{"start":{"line":165,"column":2},"end":{"line":167,"column":null}},{"start":{},"end":{}}],"line":165},"22":{"loc":{"start":{"line":170,"column":2},"end":{"line":173,"column":null}},"type":"if","locations":[{"start":{"line":170,"column":2},"end":{"line":173,"column":null}},{"start":{},"end":{}}],"line":170}},"s":{"0":1,"1":8,"2":8,"3":7,"4":7,"5":0,"6":1,"7":1,"8":0,"9":1,"10":8,"11":0,"12":1,"13":7,"14":7,"15":7,"16":0,"17":0,"18":0,"19":7,"20":8,"21":8,"22":1,"23":7,"24":10,"25":10,"26":10,"27":1,"28":8,"29":8,"30":8,"31":8,"32":0,"33":7,"34":7,"35":7,"36":10,"37":8,"38":8,"39":8,"40":0,"41":8,"42":8,"43":0,"44":8,"45":1,"46":1,"47":8,"48":8,"49":8,"50":9,"51":8,"52":7,"53":5,"54":2,"55":3,"56":3,"57":1,"58":2,"59":2,"60":1,"61":1,"62":1,"63":1,"64":0,"65":1},"f":{"0":8,"1":7,"2":8,"3":10,"4":10,"5":0,"6":9,"7":5,"8":1},"b":{"0":[7,1],"1":[0,1],"2":[0,8],"3":[0,7],"4":[0,0],"5":[1,7],"6":[1,9],"7":[8,2],"8":[8,7,3],"9":[0,0],"10":[8,8,8],"11":[0,8],"12":[1,7],"13":[1,0,0],"14":[1,0,0],"15":[8,0],"16":[8,0],"17":[8,8],"18":[2,3],"19":[5,4],"20":[1,2],"21":[1,1],"22":[0,1]},"meta":{"lastBranch":23,"lastFunction":9,"lastStatement":66,"seen":{"s:3:36:24:Infinity":0,"f:3:36:3:Infinity":0,"s:5:26:5:Infinity":1,"b:6:2:12:Infinity:undefined:undefined:undefined:undefined":0,"s:6:2:12:Infinity":2,"s:7:4:11:Infinity":3,"s:8:6:8:Infinity":4,"s:10:6:10:Infinity":5,"s:15:17:15:Infinity":6,"b:16:2:16:Infinity:undefined:undefined:undefined:undefined":1,"s:16:2:16:Infinity":7,"s:16:14:16:Infinity":8,"s:19:14:19:Infinity":9,"b:20:2:20:Infinity:undefined:undefined:undefined:undefined":2,"s:20:2:20:Infinity":10,"s:20:11:20:Infinity":11,"s:23:2:23:Infinity":12,"f:40:15:40:62":1,"s:41:2:48:Infinity":13,"s:42:16:42:Infinity":14,"b:43:4:43:Infinity:undefined:undefined:undefined:undefined":3,"s:43:4:43:Infinity":15,"s:43:17:43:Infinity":16,"s:44:40:44:Infinity":17,"s:45:4:45:Infinity":18,"b:45:11:45:28:45:28:45:Infinity":4,"s:47:4:47:Infinity":19,"f:55:22:55:57":2,"s:56:16:56:Infinity":20,"b:58:2:61:Infinity:undefined:undefined:undefined:undefined":5,"s:58:2:61:Infinity":21,"s:60:4:60:Infinity":22,"s:64:37:84:Infinity":23,"f:66:16:66:23":3,"s:67:20:67:Infinity":24,"s:68:20:68:Infinity":25,"b:69:8:69:Infinity:undefined:undefined:undefined:undefined":6,"s:69:8:69:Infinity":26,"s:69:21:69:Infinity":27,"s:72:24:72:Infinity":28,"s:74:25:74:Infinity":29,"s:76:8:80:Infinity":30,"s:77:10:77:Infinity":31,"s:79:10:79:Infinity":32,"s:86:32:86:Infinity":33,"s:87:33:87:Infinity":34,"s:89:2:137:Infinity":35,"f:89:25:89:35":4,"b:90:4:135:Infinity:undefined:undefined:undefined:undefined":7,"s:90:4:135:Infinity":36,"s:91:29:91:Infinity":37,"s:94:26:94:Infinity":38,"b:94:26:94:45:94:45:94:75:94:75:94:Infinity":8,"s:97:32:99:Infinity":39,"f:97:48:97:Infinity":5,"s:98:8:98:Infinity":40,"b:98:22:98:35:98:35:98:Infinity":9,"s:101:8:103:Infinity":41,"b:101:8:101:Infinity:102:8:102:Infinity:103:8:103:Infinity":10,"b:107:6:117:Infinity:109:6:117:Infinity":11,"s:107:6:117:Infinity":42,"s:108:8:108:Infinity":43,"b:109:6:117:Infinity:undefined:undefined:undefined:undefined":12,"s:109:6:117:Infinity":44,"s:111:19:111:Infinity":45,"s:112:8:116:Infinity":46,"b:114:17:114:29:114:29:114:45:114:45:114:Infinity":13,"b:115:22:115:39:115:39:115:55:115:55:115:Infinity":14,"s:119:6:123:Infinity":47,"b:121:22:121:35:121:35:121:Infinity":15,"b:125:6:134:Infinity:undefined:undefined:undefined:undefined":16,"s:125:6:134:Infinity":48,"b:125:10:125:23:125:23:125:49":17,"s:127:25:132:Infinity":49,"f:127:39:127:40":6,"s:127:52:132:10":50,"s:133:8:133:Infinity":51,"s:139:2:144:Infinity":52,"f:150:22:150:38":7,"b:154:2:156:Infinity:undefined:undefined:undefined:undefined":18,"s:154:2:156:Infinity":53,"b:154:6:154:16:154:16:154:40":19,"s:155:4:155:Infinity":54,"s:158:16:158:Infinity":55,"b:159:2:161:Infinity:undefined:undefined:undefined:undefined":20,"s:159:2:161:Infinity":56,"s:160:4:160:Infinity":57,"s:163:16:163:Infinity":58,"b:165:2:167:Infinity:undefined:undefined:undefined:undefined":21,"s:165:2:167:Infinity":59,"s:166:4:166:Infinity":60,"s:169:14:169:Infinity":61,"f:169:30:169:31":8,"s:169:42:169:59":62,"b:170:2:173:Infinity:undefined:undefined:undefined:undefined":22,"s:170:2:173:Infinity":63,"s:172:4:172:Infinity":64,"s:175:2:175:Infinity":65},"fnNames":{}}}
,"/home/claude/Projects/ai-portal/.claude/worktrees/recommission/src/api/modelApi.ts": {"path":"/home/claude/Projects/ai-portal/.claude/worktrees/recommission/src/api/modelApi.ts","statementMap":{"0":{"start":{"line":18,"column":19},"end":{"line":18,"column":null}},"1":{"start":{"line":19,"column":2},"end":{"line":21,"column":null}},"2":{"start":{"line":20,"column":4},"end":{"line":20,"column":null}},"3":{"start":{"line":22,"column":2},"end":{"line":22,"column":null}}},"fnMap":{"0":{"name":"getAvailableModels","decl":{"start":{"line":17,"column":22},"end":{"line":17,"column":65}},"loc":{"start":{"line":17,"column":65},"end":{"line":23,"column":null}},"line":17}},"branchMap":{"0":{"loc":{"start":{"line":19,"column":2},"end":{"line":21,"column":null}},"type":"if","locations":[{"start":{"line":19,"column":2},"end":{"line":21,"column":null}},{"start":{},"end":{}}],"line":19}},"s":{"0":2,"1":2,"2":1,"3":1},"f":{"0":2},"b":{"0":[1,1]},"meta":{"lastBranch":1,"lastFunction":1,"lastStatement":4,"seen":{"f:17:22:17:65":0,"s:18:19:18:Infinity":0,"b:19:2:21:Infinity:undefined:undefined:undefined:undefined":0,"s:19:2:21:Infinity":1,"s:20:4:20:Infinity":2,"s:22:2:22:Infinity":3},"fnNames":{}}}
,"/home/claude/Projects/ai-portal/.claude/worktrees/recommission/src/components/ProgressBar.tsx": {"path":"/home/claude/Projects/ai-portal/.claude/worktrees/recommission/src/components/ProgressBar.tsx","statementMap":{"0":{"start":{"line":12,"column":55},"end":{"line":54,"column":null}},"1":{"start":{"line":17,"column":21},"end":{"line":17,"column":null}},"2":{"start":{"line":18,"column":26},"end":{"line":18,"column":null}},"3":{"start":{"line":20,"column":2},"end":{"line":52,"column":null}}},"fnMap":{"0":{"name":"(anonymous_0)","decl":{"start":{"line":12,"column":55},"end":{"line":12,"column":56}},"loc":{"start":{"line":16,"column":6},"end":{"line":54,"column":null}},"line":16}},"branchMap":{"0":{"loc":{"start":{"line":15,"column":2},"end":{"line":15,"column":null}},"type":"default-arg","locations":[{"start":{"line":15,"column":14},"end":{"line":15,"column":null}}],"line":15},"1":{"loc":{"start":{"line":22,"column":8},"end":{"line":28,"column":null}},"type":"binary-expr","locations":[{"start":{"line":22,"column":8},"end":{"line":22,"column":17}},{"start":{"line":22,"column":17},"end":{"line":22,"column":null}},{"start":{"line":23,"column":8},"end":{"line":28,"column":null}}],"line":22},"2":{"loc":{"start":{"line":24,"column":11},"end":{"line":24,"column":null}},"type":"binary-expr","locations":[{"start":{"line":24,"column":11},"end":{"line":24,"column":20}},{"start":{"line":24,"column":20},"end":{"line":24,"column":null}}],"line":24},"3":{"loc":{"start":{"line":25,"column":11},"end":{"line":26,"column":null}},"type":"binary-expr","locations":[{"start":{"line":25,"column":11},"end":{"line":25,"column":null}},{"start":{"line":26,"column":12},"end":{"line":26,"column":null}}],"line":25},"4":{"loc":{"start":{"line":31,"column":9},"end":{"line":49,"column":null}},"type":"cond-expr","locations":[{"start":{"line":33,"column":10},"end":{"line":33,"column":null}},{"start":{"line":35,"column":10},"end":{"line":49,"column":null}}],"line":31}},"s":{"0":1,"1":10,"2":10,"3":10},"f":{"0":10},"b":{"0":[10],"1":[10,7,10],"2":[10,3],"3":[10,9],"4":[1,9]},"meta":{"lastBranch":5,"lastFunction":1,"lastStatement":4,"seen":{"s:12:55:54:Infinity":0,"f:12:55:12:56":0,"b:15:14:15:Infinity":0,"s:17:21:17:Infinity":1,"s:18:26:18:Infinity":2,"s:20:2:52:Infinity":3,"b:22:8:22:17:22:17:22:Infinity:23:8:28:Infinity":1,"b:24:11:24:20:24:20:24:Infinity":2,"b:25:11:25:Infinity:26:12:26:Infinity":3,"b:33:10:33:Infinity:35:10:49:Infinity":4},"fnNames":{}}}
,"/home/claude/Projects/ai-portal/.claude/worktrees/recommission/src/hooks/useSmoothedValue.ts": {"path":"/home/claude/Projects/ai-portal/.claude/worktrees/recommission/src/hooks/useSmoothedValue.ts","statementMap":{"0":{"start":{"line":10,"column":40},"end":{"line":10,"column":null}},"1":{"start":{"line":11,"column":10},"end":{"line":11,"column":null}},"2":{"start":{"line":12,"column":10},"end":{"line":12,"column":null}},"3":{"start":{"line":13,"column":10},"end":{"line":13,"column":null}},"4":{"start":{"line":14,"column":10},"end":{"line":14,"column":null}},"5":{"start":{"line":15,"column":10},"end":{"line":15,"column":null}},"6":{"start":{"line":17,"column":4},"end":{"line":78,"column":null}},"7":{"start":{"line":19,"column":8},"end":{"line":19,"column":null}},"8":{"start":{"line":22,"column":8},"end":{"line":22,"column":null}},"9":{"start":{"line":22,"column":46},"end":{"line":22,"column":null}},"10":{"start":{"line":25,"column":8},"end":{"line":25,"column":null}},"11":{"start":{"line":26,"column":8},"end":{"line":26,"column":null}},"12":{"start":{"line":27,"column":8},"end":{"line":27,"column":null}},"13":{"start":{"line":31,"column":8},"end":{"line":34,"column":null}},"14":{"start":{"line":32,"column":12},"end":{"line":32,"column":null}},"15":{"start":{"line":33,"column":12},"end":{"line":33,"column":null}},"16":{"start":{"line":36,"column":24},"end":{"line":62,"column":null}},"17":{"start":{"line":38,"column":12},"end":{"line":38,"column":null}},"18":{"start":{"line":38,"column":37},"end":{"line":38,"column":null}},"19":{"start":{"line":42,"column":12},"end":{"line":42,"column":null}},"20":{"start":{"line":42,"column":47},"end":{"line":42,"column":null}},"21":{"start":{"line":44,"column":28},"end":{"line":44,"column":null}},"22":{"start":{"line":45,"column":29},"end":{"line":45,"column":null}},"23":{"start":{"line":48,"column":28},"end":{"line":48,"column":null}},"24":{"start":{"line":50,"column":30},"end":{"line":50,"column":null}},"25":{"start":{"line":53,"column":12},"end":{"line":55,"column":null}},"26":{"start":{"line":54,"column":16},"end":{"line":54,"column":null}},"27":{"start":{"line":57,"column":12},"end":{"line":61,"column":null}},"28":{"start":{"line":58,"column":16},"end":{"line":58,"column":null}},"29":{"start":{"line":60,"column":16},"end":{"line":60,"column":null}},"30":{"start":{"line":64,"column":8},"end":{"line":66,"column":null}},"31":{"start":{"line":65,"column":12},"end":{"line":65,"column":null}},"32":{"start":{"line":68,"column":8},"end":{"line":68,"column":null}},"33":{"start":{"line":70,"column":8},"end":{"line":77,"column":null}},"34":{"start":{"line":72,"column":12},"end":{"line":72,"column":null}},"35":{"start":{"line":74,"column":12},"end":{"line":76,"column":null}},"36":{"start":{"line":75,"column":16},"end":{"line":75,"column":null}},"37":{"start":{"line":81,"column":4},"end":{"line":81,"column":null}}},"fnMap":{"0":{"name":"useSmoothedValue","decl":{"start":{"line":9,"column":16},"end":{"line":9,"column":33}},"loc":{"start":{"line":9,"column":80},"end":{"line":82,"column":null}},"line":9},"1":{"name":"(anonymous_1)","decl":{"start":{"line":17,"column":14},"end":{"line":17,"column":20}},"loc":{"start":{"line":17,"column":20},"end":{"line":78,"column":7}},"line":17},"2":{"name":"(anonymous_2)","decl":{"start":{"line":36,"column":24},"end":{"line":36,"column":25}},"loc":{"start":{"line":36,"column":47},"end":{"line":62,"column":null}},"line":36},"3":{"name":"(anonymous_3)","decl":{"start":{"line":70,"column":15},"end":{"line":70,"column":21}},"loc":{"start":{"line":70,"column":21},"end":{"line":77,"column":null}},"line":70}},"branchMap":{"0":{"loc":{"start":{"line":9,"column":48},"end":{"line":9,"column":80}},"type":"default-arg","locations":[{"start":{"line":9,"column":67},"end":{"line":9,"column":80}}],"line":9},"1":{"loc":{"start":{"line":22,"column":8},"end":{"line":22,"column":null}},"type":"if","locations":[{"start":{"line":22,"column":8},"end":{"line":22,"column":null}},{"start":{},"end":{}}],"line":22},"2":{"loc":{"start":{"line":31,"column":8},"end":{"line":34,"column":null}},"type":"if","locations":[{"start":{"line":31,"column":8},"end":{"line":34,"column":null}},{"start":{},"end":{}}],"line":31},"3":{"loc":{"start":{"line":38,"column":12},"end":{"line":38,"column":null}},"type":"if","locations":[{"start":{"line":38,"column":12},"end":{"line":38,"column":null}},{"start":{},"end":{}}],"line":38},"4":{"loc":{"start":{"line":42,"column":12},"end":{"line":42,"column":null}},"type":"if","locations":[{"start":{"line":42,"column":12},"end":{"line":42,"column":null}},{"start":{},"end":{}}],"line":42},"5":{"loc":{"start":{"line":53,"column":12},"end":{"line":55,"column":null}},"type":"if","locations":[{"start":{"line":53,"column":12},"end":{"line":55,"column":null}},{"start":{},"end":{}}],"line":53},"6":{"loc":{"start":{"line":57,"column":12},"end":{"line":61,"column":null}},"type":"if","locations":[{"start":{"line":57,"column":12},"end":{"line":61,"column":null}},{"start":{"line":59,"column":19},"end":{"line":61,"column":null}}],"line":57},"7":{"loc":{"start":{"line":57,"column":16},"end":{"line":57,"column":52}},"type":"binary-expr","locations":[{"start":{"line":57,"column":16},"end":{"line":57,"column":32}},{"start":{"line":57,"column":32},"end":{"line":57,"column":52}}],"line":57},"8":{"loc":{"start":{"line":64,"column":8},"end":{"line":66,"column":null}},"type":"if","locations":[{"start":{"line":64,"column":8},"end":{"line":66,"column":null}},{"start":{},"end":{}}],"line":64},"9":{"loc":{"start":{"line":74,"column":12},"end":{"line":76,"column":null}},"type":"if","locations":[{"start":{"line":74,"column":12},"end":{"line":76,"column":null}},{"start":{},"end":{}}],"line":74}},"s":{"0":26,"1":26,"2":26,"3":26,"4":26,"5":26,"6":26,"7":18,"8":18,"9":9,"10":9,"11":9,"12":9,"13":9,"14":1,"15":1,"16":8,"17":13,"18":0,"19":13,"20":7,"21":13,"22":13,"23":13,"24":13,"25":13,"26":13,"27":13,"28":9,"29":4,"30":8,"31":2,"32":8,"33":8,"34":8,"35":8,"36":8,"37":26},"f":{"0":26,"1":18,"2":13,"3":8},"b":{"0":[26],"1":[9,9],"2":[1,8],"3":[0,13],"4":[7,6],"5":[13,0],"6":[9,4],"7":[13,9],"8":[2,6],"9":[8,0]},"meta":{"lastBranch":10,"lastFunction":4,"lastStatement":38,"seen":{"f:9:16:9:33":0,"b:9:67:9:80":0,"s:10:40:10:Infinity":0,"s:11:10:11:Infinity":1,"s:12:10:12:Infinity":2,"s:13:10:13:Infinity":3,"s:14:10:14:Infinity":4,"s:15:10:15:Infinity":5,"s:17:4:78:Infinity":6,"f:17:14:17:20":1,"s:19:8:19:Infinity":7,"b:22:8:22:Infinity:undefined:undefined:undefined:undefined":1,"s:22:8:22:Infinity":8,"s:22:46:22:Infinity":9,"s:25:8:25:Infinity":10,"s:26:8:26:Infinity":11,"s:27:8:27:Infinity":12,"b:31:8:34:Infinity:undefined:undefined:undefined:undefined":2,"s:31:8:34:Infinity":13,"s:32:12:32:Infinity":14,"s:33:12:33:Infinity":15,"s:36:24:62:Infinity":16,"f:36:24:36:25":2,"b:38:12:38:Infinity:undefined:undefined:undefined:undefined":3,"s:38:12:38:Infinity":17,"s:38:37:38:Infinity":18,"b:42:12:42:Infinity:undefined:undefined:undefined:undefined":4,"s:42:12:42:Infinity":19,"s:42:47:42:Infinity":20,"s:44:28:44:Infinity":21,"s:45:29:45:Infinity":22,"s:48:28:48:Infinity":23,"s:50:30:50:Infinity":24,"b:53:12:55:Infinity:undefined:undefined:undefined:undefined":5,"s:53:12:55:Infinity":25,"s:54:16:54:Infinity":26,"b:57:12:61:Infinity:59:19:61:Infinity":6,"s:57:12:61:Infinity":27,"b:57:16:57:32:57:32:57:52":7,"s:58:16:58:Infinity":28,"s:60:16:60:Infinity":29,"b:64:8:66:Infinity:undefined:undefined:undefined:undefined":8,"s:64:8:66:Infinity":30,"s:65:12:65:Infinity":31,"s:68:8:68:Infinity":32,"s:70:8:77:Infinity":33,"f:70:15:70:21":3,"s:72:12:72:Infinity":34,"b:74:12:76:Infinity:undefined:undefined:undefined:undefined":9,"s:74:12:76:Infinity":35,"s:75:16:75:Infinity":36,"s:81:4:81:Infinity":37},"fnNames":{}}}
}
